#
# A fatal error has been detected by the Java Runtime Environment:
#
#  SIGSEGV (0xb) at pc=0x000000010b87784d, pid=28077, tid=0x0000000000002d03
#
# JRE version: Java(TM) SE Runtime Environment (8.0_144-b01) (build 1.8.0_144-b01)
# Java VM: Java HotSpot(TM) 64-Bit Server VM (25.144-b01 mixed mode bsd-amd64 compressed oops)
# Problematic frame:
# V  [libjvm.dylib+0x27784d]  STWGCTimer::register_gc_start(Ticks const&)+0xb
#
# Failed to write core dump. Core dumps have been disabled. To enable core dumping, try "ulimit -c unlimited" before starting Java again
#
# If you would like to submit a bug report, please visit:
#   http://bugreport.java.com/bugreport/crash.jsp
#

---------------  T H R E A D  ---------------

Current thread (0x00007fed5781b800):  VMThread [stack: 0x000070000a6b1000,0x000070000a7b1000] [id=11523]

siginfo: si_signo: 11 (SIGSEGV), si_code: 1 (SEGV_MAPERR), si_addr: 0x0000000000000000

Registers:
RAX=0x0000000000000000, RBX=0x000000010bf09358, RCX=0x00011ee4208c1d0b, RDX=0x000070000a7b09d8
RSP=0x000070000a7b0650, RBP=0x000070000a7b0650, RSI=0x000070000a7b09d8, RDI=0x000000010bef3a40
R8 =0x0000000000000153, R9 =0x0000000000000400, R10=0x0000000000002000, R11=0x0000000000000246
R12=0x000000000000000c, R13=0x0000000000000000, R14=0x00007fed55d11a20, R15=0x00007fed55d12f60
RIP=0x000000010b87784d, EFLAGS=0x0000000000010206, ERR=0x0000000000000006
  TRAPNO=0x000000000000000e

Top of Stack: (sp=0x000070000a7b0650)
0x000070000a7b0650:   000070000a7b0ae0 000000010bac9b88
0x000070000a7b0660:   0000000100000000 00007fed55d11d70
0x000070000a7b0670:   0000000000000000 000070000a7b0c28
0x000070000a7b0680:   000070000a7b0c30 0000000000000037
0x000070000a7b0690:   ffffffffffffffff 0000000200088000
0x000070000a7b06a0:   000070000a7b0cc8 00007fff903bd6b8
0x000070000a7b06b0:   000070000a7b0c20 0000000000580005
0x000070000a7b06c0:   0000003000000000 000070000a7b0c50
0x000070000a7b06d0:   0000000000000000 000070000a7b0c40
0x000070000a7b06e0:   000070000a7b0c48 0000000000000032
0x000070000a7b06f0:   ffffffffffffffff 000000020a7b0c50
0x000070000a7b0700:   000000010bc2a30a 00007fff903bd6b8
0x000070000a7b0710:   000070000a2a0000 0000000100583a40
0x000070000a7b0720:   0000003000000010 000070000a7b0c70
0x000070000a7b0730:   000070000a7b0b90 0000000000000000
0x000070000a7b0740:   00007fed5781b100 000000010bc15aea
0x000070000a7b0750:   22ce052258340083 000070000a7b0888
0x000070000a7b0760:   000000010bc173a0 00007fff903bd6b8
0x000070000a7b0770:   ffffffffffffffff 0000000000000000
0x000070000a7b0780:   000070000a7b0870 00007fff59b0b1c3
0x000070000a7b0790:   0000000000000000 000070000a7b0b68
0x000070000a7b07a0:   0000000000000000 0000000000000000
0x000070000a7b07b0:   0000000000000000 0000000000000000
0x000070000a7b07c0:   0000000000000000 0000000000000000
0x000070000a7b07d0:   0000000000000000 0000000000000000
0x000070000a7b07e0:   000000010be37450 00007fed5781b100
0x000070000a7b07f0:   000000010be37420 0000000000000000
0x000070000a7b0800:   00007fed55d121a0 00007fed5781b100
0x000070000a7b0810:   22ce052258340083 000070000a7b0948
0x000070000a7b0820:   000000010bc173a0 00007fff903bd6b8
0x000070000a7b0830:   ffffffffffffffff 0000000000000000
0x000070000a7b0840:   22ce052258340083 0000000000000000 

Instructions: (pc=0x000000010b87784d)
0x000000010b87782d:   28 5d e9 90 ff ff ff 55 48 89 e5 48 83 c7 28 5d
0x000000010b87783d:   e9 82 ff ff ff 55 48 89 e5 48 89 f2 48 8b 47 28
0x000000010b87784d:   c7 00 00 00 00 00 c7 47 44 00 00 00 00 48 c7 47
0x000000010b87785d:   48 00 00 00 00 48 c7 47 50 00 00 00 00 48 c7 47 

Register to memory mapping:

RAX=0x0000000000000000 is an unknown value
RBX=0x000000010bf09358: _ZN8Universe14_collectedHeapE+0 in /Library/Java/JavaVirtualMachines/jdk1.8.0_144.jdk/Contents/Home/jre/lib/server/libjvm.dylib at 0x000000010b600000
RCX=0x00011ee4208c1d0b is an unknown value
RDX=0x000070000a7b09d8 is an unknown value
RSP=0x000070000a7b0650 is an unknown value
RBP=0x000070000a7b0650 is an unknown value
RSI=0x000070000a7b09d8 is an unknown value
RDI=0x000000010bef3a40: _ZN10PSScavenge9_gc_timerE+0 in /Library/Java/JavaVirtualMachines/jdk1.8.0_144.jdk/Contents/Home/jre/lib/server/libjvm.dylib at 0x000000010b600000
R8 =0x0000000000000153 is an unknown value
R9 =0x0000000000000400 is an unknown value
R10=0x0000000000002000 is an unknown value
R11=0x0000000000000246 is an unknown value
R12=0x000000000000000c is an unknown value
R13=0x0000000000000000 is an unknown value
R14=0x00007fed55d11a20 is an unknown value
R15=0x00007fed55d12f60 is an unknown value


Stack: [0x000070000a6b1000,0x000070000a7b1000],  sp=0x000070000a7b0650,  free space=1021k
Native frames: (J=compiled Java code, j=interpreted, Vv=VM code, C=native code)
V  [libjvm.dylib+0x27784d]  STWGCTimer::register_gc_start(Ticks const&)+0xb
V  [libjvm.dylib+0x4c9b88]  PSScavenge::invoke_no_policy()+0x3a
V  [libjvm.dylib+0x4cae30]  PSScavenge::invoke()+0x32
V  [libjvm.dylib+0x49de91]  ParallelScavengeHeap::failed_mem_allocate(unsigned long)+0x27
V  [libjvm.dylib+0x5b32a8]  VM_ParallelGCFailedAllocation::doit()+0x4a
V  [libjvm.dylib+0x5b9a69]  VM_Operation::evaluate()+0x4f
V  [libjvm.dylib+0x5b80d5]  VMThread::evaluate_operation(VM_Operation*)+0xdf
V  [libjvm.dylib+0x5b8522]  VMThread::loop()+0x328
V  [libjvm.dylib+0x5b7e41]  VMThread::run()+0x79
V  [libjvm.dylib+0x48baee]  java_start(Thread*)+0xf6
C  [libsystem_pthread.dylib+0x32eb]  _pthread_body+0x7e
C  [libsystem_pthread.dylib+0x6249]  _pthread_start+0x42
C  [libsystem_pthread.dylib+0x240d]  thread_start+0xd

VM_Operation (0x000070000a29ecf8): ParallelGCFailedAllocation, mode: safepoint, requested by thread 0x00007fed56005000


---------------  P R O C E S S  ---------------

Java Threads: ( => current thread )
  0x00007fed5b1a1800 JavaThread "SIGTERM handler" daemon [_thread_in_native, id=17671, stack(0x000070000acc3000,0x000070000adc3000)]
  0x00007fed57864000 JavaThread "Service Thread" daemon [_thread_blocked, id=14851, stack(0x000070000b0cf000,0x000070000b1cf000)]
  0x00007fed57849000 JavaThread "C1 CompilerThread2" daemon [_thread_blocked, id=14339, stack(0x000070000afcc000,0x000070000b0cc000)]
  0x00007fed57010000 JavaThread "C2 CompilerThread1" daemon [_thread_blocked, id=17155, stack(0x000070000aec9000,0x000070000afc9000)]
  0x00007fed5700c000 JavaThread "C2 CompilerThread0" daemon [_thread_blocked, id=14083, stack(0x000070000adc6000,0x000070000aec6000)]
  0x00007fed56004000 JavaThread "JDWP Event Helper Thread" daemon [_thread_blocked, id=17923, stack(0x000070000abc0000,0x000070000acc0000)]
  0x00007fed56841000 JavaThread "JDWP Transport Listener: dt_socket" daemon [_thread_in_native, id=13319, stack(0x000070000aabd000,0x000070000abbd000)]
  0x00007fed56829800 JavaThread "Signal Dispatcher" daemon [_thread_blocked, id=18691, stack(0x000070000a9ba000,0x000070000aaba000)]
  0x00007fed5781e000 JavaThread "Finalizer" daemon [_thread_blocked, id=12035, stack(0x000070000a8b7000,0x000070000a9b7000)]
  0x00007fed56013800 JavaThread "Reference Handler" daemon [_thread_blocked, id=20739, stack(0x000070000a7b4000,0x000070000a8b4000)]
  0x00007fed56005000 JavaThread "main" [_thread_blocked, id=6147, stack(0x000070000a1a2000,0x000070000a2a2000)]

Other Threads:
=>0x00007fed5781b800 VMThread [stack: 0x000070000a6b1000,0x000070000a7b1000] [id=11523]

VM state:at safepoint (normal execution)

VM Mutex/Monitor currently owned by a thread:  ([mutex/lock_event])
[0x00007fed55c019c0] Threads_lock - owner thread: 0x00007fed5781b800
[0x00007fed55c01ec0] Heap_lock - owner thread: 0x00007fed56005000

Heap:
 PSYoungGen      total 391680K, used 391200K [0x0000000795580000, 0x00000007bfc80000, 0x00000007c0000000)
  eden space 390656K, 100% used [0x0000000795580000,0x00000007ad300000,0x00000007ad300000)
  from space 1024K, 53% used [0x00000007bfb80000,0x00000007bfc08000,0x00000007bfc80000)
  to   space 1024K, 0% used [0x00000007bfa80000,0x00000007bfa80000,0x00000007bfb80000)
 ParOldGen       total 87552K, used 29960K [0x0000000740000000, 0x0000000745580000, 0x0000000795580000)
  object space 87552K, 34% used [0x0000000740000000,0x0000000741d42358,0x0000000745580000)
 Metaspace       used 5667K, capacity 6208K, committed 6272K, reserved 1056768K
  class space    used 589K, capacity 624K, committed 640K, reserved 1048576K

Card table byte_map: [0x000000010ca27000,0x000000010ce28000] byte_map_base: 0x0000000109027000

Marking Bits: (ParMarkBitMap*) 0x000000010bef35d0
 Begin Bits: [0x000000010d0d3000, 0x000000010f0d3000)
 End Bits:   [0x000000010f0d3000, 0x00000001110d3000)

Polling page: 0x000000010add1000

CodeCache: size=245760Kb used=4630Kb max_used=4673Kb free=241129Kb
 bounds [0x000000011832a000, 0x00000001187da000, 0x000000012732a000]
 total_blobs=1180 nmethods=749 adapters=353
 compilation: enabled

Compilation events (10 events):
Event: 19.288 Thread 0x00007fed57010000  794       4       PricingProblem_Phase3::copySet (50 bytes)
Event: 19.298 Thread 0x00007fed57010000 nmethod 794 0x00000001186f5390 code [0x00000001186f5580, 0x00000001186f60e8]
Event: 23.205 Thread 0x00007fed5700c000  795       4       Tools.DirectedGraphArc::hashCode (79 bytes)
Event: 23.206 Thread 0x00007fed5700c000 nmethod 795 0x000000011877e950 code [0x000000011877eae0, 0x000000011877ed68]
Event: 23.593 Thread 0x00007fed57010000  796       4       PricingProblem_Phase3::pulse (739 bytes)
Event: 23.730 Thread 0x00007fed57010000 nmethod 796 0x00000001187c3710 code [0x00000001187c3ee0, 0x00000001187cc010]
Event: 26.295 Thread 0x00007fed5700c000  797       4       PricingProblem_Phase3::isFeasible14 (592 bytes)
Event: 26.329 Thread 0x00007fed5700c000 nmethod 797 0x000000011878d7d0 code [0x000000011878db40, 0x00000001187902f8]
Event: 33.188 Thread 0x00007fed57010000  798       4       PricingProblem_Phase3::isFeasible7 (543 bytes)
Event: 33.231 Thread 0x00007fed57010000 nmethod 798 0x00000001187bed50 code [0x00000001187bf0e0, 0x00000001187c16f8]

GC Heap History (10 events):
Event: 41.302 GC heap before
{Heap before GC invocations=144 (full 0):
 PSYoungGen      total 495104K, used 493952K [0x0000000795580000, 0x00000007bfe00000, 0x00000007c0000000)
  eden space 493568K, 100% used [0x0000000795580000,0x00000007b3780000,0x00000007b3780000)
  from space 1536K, 25% used [0x00000007bfb00000,0x00000007bfb60000,0x00000007bfc80000)
  to   space 1024K, 0% used [0x00000007bfd00000,0x00000007bfd00000,0x00000007bfe00000)
 ParOldGen       total 87552K, used 29864K [0x0000000740000000, 0x0000000745580000, 0x0000000795580000)
  object space 87552K, 34% used [0x0000000740000000,0x0000000741d2a358,0x0000000745580000)
 Metaspace       used 5659K, capacity 6208K, committed 6272K, reserved 1056768K
  class space    used 588K, capacity 624K, committed 640K, reserved 1048576K
Event: 41.302 GC heap after
Heap after GC invocations=144 (full 0):
 PSYoungGen      total 471040K, used 288K [0x0000000795580000, 0x00000007bfd80000, 0x00000007c0000000)
  eden space 470528K, 0% used [0x0000000795580000,0x0000000795580000,0x00000007b2100000)
  from space 512K, 56% used [0x00000007bfd00000,0x00000007bfd48000,0x00000007bfd80000)
  to   space 1024K, 0% used [0x00000007bfb80000,0x00000007bfb80000,0x00000007bfc80000)
 ParOldGen       total 87552K, used 29872K [0x0000000740000000, 0x0000000745580000, 0x0000000795580000)
  object space 87552K, 34% used [0x0000000740000000,0x0000000741d2c358,0x0000000745580000)
 Metaspace       used 5659K, capacity 6208K, committed 6272K, reserved 1056768K
  class space    used 588K, capacity 624K, committed 640K, reserved 1048576K
}
Event: 41.589 GC heap before
{Heap before GC invocations=145 (full 0):
 PSYoungGen      total 471040K, used 470816K [0x0000000795580000, 0x00000007bfd80000, 0x00000007c0000000)
  eden space 470528K, 100% used [0x0000000795580000,0x00000007b2100000,0x00000007b2100000)
  from space 512K, 56% used [0x00000007bfd00000,0x00000007bfd48000,0x00000007bfd80000)
  to   space 1024K, 0% used [0x00000007bfb80000,0x00000007bfb80000,0x00000007bfc80000)
 ParOldGen       total 87552K, used 29872K [0x0000000740000000, 0x0000000745580000, 0x0000000795580000)
  object space 87552K, 34% used [0x0000000740000000,0x0000000741d2c358,0x0000000745580000)
 Metaspace       used 5659K, capacity 6208K, committed 6272K, reserved 1056768K
  class space    used 588K, capacity 624K, committed 640K, reserved 1048576K
Event: 41.590 GC heap after
Heap after GC invocations=145 (full 0):
 PSYoungGen      total 450048K, used 64K [0x0000000795580000, 0x00000007bfd80000, 0x00000007c0000000)
  eden space 449024K, 0% used [0x0000000795580000,0x0000000795580000,0x00000007b0c00000)
  from space 1024K, 6% used [0x00000007bfb80000,0x00000007bfb90000,0x00000007bfc80000)
  to   space 1024K, 0% used [0x00000007bfc80000,0x00000007bfc80000,0x00000007bfd80000)
 ParOldGen       total 87552K, used 29888K [0x0000000740000000, 0x0000000745580000, 0x0000000795580000)
  object space 87552K, 34% used [0x0000000740000000,0x0000000741d30358,0x0000000745580000)
 Metaspace       used 5659K, capacity 6208K, committed 6272K, reserved 1056768K
  class space    used 588K, capacity 624K, committed 640K, reserved 1048576K
}
Event: 41.850 GC heap before
{Heap before GC invocations=146 (full 0):
 PSYoungGen      total 450048K, used 449088K [0x0000000795580000, 0x00000007bfd80000, 0x00000007c0000000)
  eden space 449024K, 100% used [0x0000000795580000,0x00000007b0c00000,0x00000007b0c00000)
  from space 1024K, 6% used [0x00000007bfb80000,0x00000007bfb90000,0x00000007bfc80000)
  to   space 1024K, 0% used [0x00000007bfc80000,0x00000007bfc80000,0x00000007bfd80000)
 ParOldGen       total 87552K, used 29888K [0x0000000740000000, 0x0000000745580000, 0x0000000795580000)
  object space 87552K, 34% used [0x0000000740000000,0x0000000741d30358,0x0000000745580000)
 Metaspace       used 5659K, capacity 6208K, committed 6272K, reserved 1056768K
  class space    used 588K, capacity 624K, committed 640K, reserved 1048576K
Event: 41.852 GC heap after
Heap after GC invocations=146 (full 0):
 PSYoungGen      total 429568K, used 864K [0x0000000795580000, 0x00000007bfd80000, 0x00000007c0000000)
  eden space 428544K, 0% used [0x0000000795580000,0x0000000795580000,0x00000007af800000)
  from space 1024K, 84% used [0x00000007bfc80000,0x00000007bfd58000,0x00000007bfd80000)
  to   space 1536K, 0% used [0x00000007bfa80000,0x00000007bfa80000,0x00000007bfc00000)
 ParOldGen       total 87552K, used 29896K [0x0000000740000000, 0x0000000745580000, 0x0000000795580000)
  object space 87552K, 34% used [0x0000000740000000,0x0000000741d32358,0x0000000745580000)
 Metaspace       used 5659K, capacity 6208K, committed 6272K, reserved 1056768K
  class space    used 588K, capacity 624K, committed 640K, reserved 1048576K
}
Event: 42.087 GC heap before
{Heap before GC invocations=147 (full 0):
 PSYoungGen      total 429568K, used 429408K [0x0000000795580000, 0x00000007bfd80000, 0x00000007c0000000)
  eden space 428544K, 100% used [0x0000000795580000,0x00000007af800000,0x00000007af800000)
  from space 1024K, 84% used [0x00000007bfc80000,0x00000007bfd58000,0x00000007bfd80000)
  to   space 1536K, 0% used [0x00000007bfa80000,0x00000007bfa80000,0x00000007bfc00000)
 ParOldGen       total 87552K, used 29896K [0x0000000740000000, 0x0000000745580000, 0x0000000795580000)
  object space 87552K, 34% used [0x0000000740000000,0x0000000741d32358,0x0000000745580000)
 Metaspace       used 5659K, capacity 6208K, committed 6272K, reserved 1056768K
  class space    used 588K, capacity 624K, committed 640K, reserved 1048576K
Event: 42.088 GC heap after
Heap after GC invocations=147 (full 0):
 PSYoungGen      total 409600K, used 416K [0x0000000795580000, 0x00000007bfd00000, 0x00000007c0000000)
  eden space 409088K, 0% used [0x0000000795580000,0x0000000795580000,0x00000007ae500000)
  from space 512K, 81% used [0x00000007bfa80000,0x00000007bfae8000,0x00000007bfb00000)
  to   space 1536K, 0% used [0x00000007bfb80000,0x00000007bfb80000,0x00000007bfd00000)
 ParOldGen       total 87552K, used 29952K [0x0000000740000000, 0x0000000745580000, 0x0000000795580000)
  object space 87552K, 34% used [0x0000000740000000,0x0000000741d40358,0x0000000745580000)
 Metaspace       used 5659K, capacity 6208K, committed 6272K, reserved 1056768K
  class space    used 588K, capacity 624K, committed 640K, reserved 1048576K
}
Event: 42.331 GC heap before
{Heap before GC invocations=148 (full 0):
 PSYoungGen      total 409600K, used 409504K [0x0000000795580000, 0x00000007bfd00000, 0x00000007c0000000)
  eden space 409088K, 100% used [0x0000000795580000,0x00000007ae500000,0x00000007ae500000)
  from space 512K, 81% used [0x00000007bfa80000,0x00000007bfae8000,0x00000007bfb00000)
  to   space 1536K, 0% used [0x00000007bfb80000,0x00000007bfb80000,0x00000007bfd00000)
 ParOldGen       total 87552K, used 29952K [0x0000000740000000, 0x0000000745580000, 0x0000000795580000)
  object space 87552K, 34% used [0x0000000740000000,0x0000000741d40358,0x0000000745580000)
 Metaspace       used 5659K, capacity 6208K, committed 6272K, reserved 1056768K
  class space    used 588K, capacity 624K, committed 640K, reserved 1048576K
Event: 42.332 GC heap after
Heap after GC invocations=148 (full 0):
 PSYoungGen      total 391680K, used 544K [0x0000000795580000, 0x00000007bfc80000, 0x00000007c0000000)
  eden space 390656K, 0% used [0x0000000795580000,0x0000000795580000,0x00000007ad300000)
  from space 1024K, 53% used [0x00000007bfb80000,0x00000007bfc08000,0x00000007bfc80000)
  to   space 1024K, 0% used [0x00000007bfa80000,0x00000007bfa80000,0x00000007bfb80000)
 ParOldGen       total 87552K, used 29960K [0x0000000740000000, 0x0000000745580000, 0x0000000795580000)
  object space 87552K, 34% used [0x0000000740000000,0x0000000741d42358,0x0000000745580000)
 Metaspace       used 5659K, capacity 6208K, committed 6272K, reserved 1056768K
  class space    used 588K, capacity 624K, committed 640K, reserved 1048576K
}

Deoptimization events (10 events):
Event: 14.024 Thread 0x00007fed56005000 Uncommon trap: reason=unstable_if action=reinterpret pc=0x0000000118544d7c method=java.util.HashMap.getNode(ILjava/lang/Object;)Ljava/util/HashMap$Node; @ 143
Event: 14.127 Thread 0x00007fed56005000 Uncommon trap: reason=unstable_if action=reinterpret pc=0x000000011854794c method=java.util.HashMap.putVal(ILjava/lang/Object;Ljava/lang/Object;ZZ)Ljava/lang/Object; @ 181
Event: 16.614 Thread 0x00007fed56005000 Uncommon trap: reason=bimorphic action=maybe_recompile pc=0x00000001186e3c9c method=java.util.HashMap.putVal(ILjava/lang/Object;Ljava/lang/Object;ZZ)Ljava/lang/Object; @ 56
Event: 16.615 Thread 0x00007fed56005000 Uncommon trap: reason=bimorphic action=maybe_recompile pc=0x00000001186e3c9c method=java.util.HashMap.putVal(ILjava/lang/Object;Ljava/lang/Object;ZZ)Ljava/lang/Object; @ 56
Event: 16.615 Thread 0x00007fed56005000 Uncommon trap: reason=bimorphic action=maybe_recompile pc=0x00000001186e3c9c method=java.util.HashMap.putVal(ILjava/lang/Object;Ljava/lang/Object;ZZ)Ljava/lang/Object; @ 56
Event: 16.615 Thread 0x00007fed56005000 Uncommon trap: reason=bimorphic action=maybe_recompile pc=0x00000001186e3c9c method=java.util.HashMap.putVal(ILjava/lang/Object;Ljava/lang/Object;ZZ)Ljava/lang/Object; @ 56
Event: 16.623 Thread 0x00007fed56005000 Uncommon trap: reason=unstable_if action=reinterpret pc=0x0000000118743a94 method=PricingProblem_Phase3.initGraphs()V @ 1225
Event: 17.380 Thread 0x00007fed56005000 Uncommon trap: reason=unstable_if action=reinterpret pc=0x00000001186f07b4 method=PricingProblem_Phase3.initGraphs()V @ 1545
Event: 17.395 Thread 0x00007fed56005000 Uncommon trap: reason=unstable_if action=reinterpret pc=0x000000011868ad74 method=Tools.ArcData.getData(Z)D @ 1
Event: 17.709 Thread 0x00007fed56005000 Uncommon trap: reason=unstable_if action=reinterpret pc=0x00000001185acb18 method=java.util.HashMap.getNode(ILjava/lang/Object;)Ljava/util/HashMap$Node; @ 143

Internal exceptions (10 events):
Event: 0.097 Thread 0x00007fed56005000 Exception <a 'java/lang/NoSuchMethodError': Method sun.misc.Unsafe.defineClass(Ljava/lang/String;[BII)Ljava/lang/Class; name or signature does not match> (0x0000000795587ca8) thrown at [/Users/java_re/workspace/8-2-build-macosx-x86_64/jdk8u144/9417/hotspo
Event: 0.097 Thread 0x00007fed56005000 Exception <a 'java/lang/NoSuchMethodError': Method sun.misc.Unsafe.prefetchRead(Ljava/lang/Object;J)V name or signature does not match> (0x0000000795587f90) thrown at [/Users/java_re/workspace/8-2-build-macosx-x86_64/jdk8u144/9417/hotspot/src/share/vm/pri
Event: 0.657 Thread 0x00007fed56005000 Exception <a 'java/security/PrivilegedActionException'> (0x0000000795791f88) thrown at [/Users/java_re/workspace/8-2-build-macosx-x86_64/jdk8u144/9417/hotspot/src/share/vm/prims/jvm.cpp, line 1390]
Event: 0.657 Thread 0x00007fed56005000 Exception <a 'java/security/PrivilegedActionException'> (0x0000000795792380) thrown at [/Users/java_re/workspace/8-2-build-macosx-x86_64/jdk8u144/9417/hotspot/src/share/vm/prims/jvm.cpp, line 1390]
Event: 0.657 Thread 0x00007fed56005000 Exception <a 'java/security/PrivilegedActionException'> (0x0000000795795898) thrown at [/Users/java_re/workspace/8-2-build-macosx-x86_64/jdk8u144/9417/hotspot/src/share/vm/prims/jvm.cpp, line 1390]
Event: 0.657 Thread 0x00007fed56005000 Exception <a 'java/security/PrivilegedActionException'> (0x0000000795795c90) thrown at [/Users/java_re/workspace/8-2-build-macosx-x86_64/jdk8u144/9417/hotspot/src/share/vm/prims/jvm.cpp, line 1390]
Event: 0.901 Thread 0x00007fed56005000 Implicit null exception at 0x00000001184c1f83 to 0x00000001184c2381
Event: 0.908 Thread 0x00007fed56005000 Implicit null exception at 0x00000001184a853b to 0x00000001184a8a75
Event: 0.909 Thread 0x00007fed56005000 Implicit null exception at 0x00000001184a6dd9 to 0x00000001184a727d
Event: 14.016 Thread 0x00007fed56005000 Implicit null exception at 0x0000000118624f9a to 0x0000000118625c39

Events (10 events):
Event: 42.332 Executing VM operation: ParallelGCFailedAllocation done
Event: 42.619 Thread 0x00007fed56016800 Thread exited: 0x00007fed56016800
Event: 42.619 loading class sun/misc/Signal$1
Event: 42.619 loading class sun/misc/Signal$1 done
Event: 42.620 Thread 0x00007fed5b1a1800 Thread added: 0x00007fed5b1a1800
Event: 42.620 loading class java/lang/Shutdown
Event: 42.620 loading class java/lang/Shutdown done
Event: 42.620 loading class java/lang/Shutdown$Lock
Event: 42.620 loading class java/lang/Shutdown$Lock done
Event: 42.622 Executing VM operation: ParallelGCFailedAllocation


Dynamic libraries:
0x0000000002230000 	/System/Library/Frameworks/Cocoa.framework/Versions/A/Cocoa
0x0000000002230000 	/System/Library/Frameworks/Security.framework/Versions/A/Security
0x0000000002230000 	/System/Library/Frameworks/ApplicationServices.framework/Versions/A/ApplicationServices
0x0000000002230000 	/usr/lib/libz.1.dylib
0x0000000002230000 	/usr/lib/libSystem.B.dylib
0x0000000002230000 	/usr/lib/libobjc.A.dylib
0x0000000002230000 	/System/Library/Frameworks/CoreFoundation.framework/Versions/A/CoreFoundation
0x0000000002230000 	/System/Library/Frameworks/Foundation.framework/Versions/C/Foundation
0x0000000002230000 	/System/Library/Frameworks/AppKit.framework/Versions/C/AppKit
0x0000000002230000 	/System/Library/Frameworks/CoreData.framework/Versions/A/CoreData
0x0000000002230000 	/System/Library/PrivateFrameworks/RemoteViewServices.framework/Versions/A/RemoteViewServices
0x0000000002230000 	/System/Library/PrivateFrameworks/UIFoundation.framework/Versions/A/UIFoundation
0x0000000002230000 	/System/Library/PrivateFrameworks/XCTTargetBootstrap.framework/Versions/A/XCTTargetBootstrap
0x0000000002230000 	/System/Library/Frameworks/CoreDisplay.framework/Versions/A/CoreDisplay
0x0000000002230000 	/System/Library/PrivateFrameworks/IconServices.framework/Versions/A/IconServices
0x0000000002230000 	/System/Library/Frameworks/Metal.framework/Versions/A/Metal
0x0000000002230000 	/System/Library/PrivateFrameworks/DesktopServicesPriv.framework/Versions/A/DesktopServicesPriv
0x0000000002230000 	/usr/lib/libenergytrace.dylib
0x0000000002230000 	/System/Library/PrivateFrameworks/SkyLight.framework/Versions/A/SkyLight
0x0000000002230000 	/System/Library/Frameworks/CoreGraphics.framework/Versions/A/CoreGraphics
0x0000000002230000 	/System/Library/Frameworks/Accelerate.framework/Versions/A/Accelerate
0x0000000002230000 	/System/Library/Frameworks/IOSurface.framework/Versions/A/IOSurface
0x0000000002230000 	/System/Library/PrivateFrameworks/DFRFoundation.framework/Versions/A/DFRFoundation
0x0000000002230000 	/System/Library/Frameworks/AudioToolbox.framework/Versions/A/AudioToolbox
0x0000000002230000 	/System/Library/Frameworks/AudioUnit.framework/Versions/A/AudioUnit
0x0000000002230000 	/System/Library/PrivateFrameworks/DataDetectorsCore.framework/Versions/A/DataDetectorsCore
0x0000000002230000 	/System/Library/Frameworks/Carbon.framework/Versions/A/Frameworks/HIToolbox.framework/Versions/A/HIToolbox
0x0000000002230000 	/usr/lib/libicucore.A.dylib
0x0000000002230000 	/System/Library/Frameworks/QuartzCore.framework/Versions/A/QuartzCore
0x0000000002230000 	/System/Library/Frameworks/Carbon.framework/Versions/A/Frameworks/SpeechRecognition.framework/Versions/A/SpeechRecognition
0x0000000002230000 	/usr/lib/libauto.dylib
0x0000000002230000 	/usr/lib/libxml2.2.dylib
0x0000000002230000 	/System/Library/PrivateFrameworks/CoreUI.framework/Versions/A/CoreUI
0x0000000002230000 	/System/Library/Frameworks/CoreAudio.framework/Versions/A/CoreAudio
0x0000000002230000 	/System/Library/Frameworks/DiskArbitration.framework/Versions/A/DiskArbitration
0x0000000002230000 	/usr/lib/liblangid.dylib
0x0000000002230000 	/System/Library/PrivateFrameworks/MultitouchSupport.framework/Versions/A/MultitouchSupport
0x0000000002230000 	/System/Library/Frameworks/IOKit.framework/Versions/A/IOKit
0x0000000002230000 	/usr/lib/libDiagnosticMessagesClient.dylib
0x0000000002230000 	/System/Library/Frameworks/CoreServices.framework/Versions/A/CoreServices
0x0000000002230000 	/System/Library/PrivateFrameworks/PerformanceAnalysis.framework/Versions/A/PerformanceAnalysis
0x0000000002230000 	/System/Library/Frameworks/OpenGL.framework/Versions/A/OpenGL
0x0000000002230000 	/System/Library/Frameworks/ColorSync.framework/Versions/A/ColorSync
0x0000000002230000 	/System/Library/Frameworks/CoreImage.framework/Versions/A/CoreImage
0x0000000002230000 	/System/Library/Frameworks/CoreText.framework/Versions/A/CoreText
0x0000000002230000 	/System/Library/Frameworks/ImageIO.framework/Versions/A/ImageIO
0x0000000002230000 	/System/Library/PrivateFrameworks/Backup.framework/Versions/A/Backup
0x0000000002230000 	/usr/lib/libarchive.2.dylib
0x0000000002230000 	/System/Library/Frameworks/CFNetwork.framework/Versions/A/CFNetwork
0x0000000002230000 	/System/Library/Frameworks/SystemConfiguration.framework/Versions/A/SystemConfiguration
0x0000000002230000 	/usr/lib/libCRFSuite.dylib
0x0000000002230000 	/usr/lib/libc++.1.dylib
0x0000000002230000 	/usr/lib/libc++abi.dylib
0x0000000002230000 	/usr/lib/system/libcache.dylib
0x0000000002230000 	/usr/lib/system/libcommonCrypto.dylib
0x0000000002230000 	/usr/lib/system/libcompiler_rt.dylib
0x0000000002230000 	/usr/lib/system/libcopyfile.dylib
0x0000000002230000 	/usr/lib/system/libcorecrypto.dylib
0x0000000002230000 	/usr/lib/system/libdispatch.dylib
0x0000000002230000 	/usr/lib/system/libdyld.dylib
0x0000000002230000 	/usr/lib/system/libkeymgr.dylib
0x0000000002230000 	/usr/lib/system/liblaunch.dylib
0x0000000002230000 	/usr/lib/system/libmacho.dylib
0x0000000002230000 	/usr/lib/system/libquarantine.dylib
0x0000000002230000 	/usr/lib/system/libremovefile.dylib
0x0000000002230000 	/usr/lib/system/libsystem_asl.dylib
0x0000000002230000 	/usr/lib/system/libsystem_blocks.dylib
0x0000000002230000 	/usr/lib/system/libsystem_c.dylib
0x0000000002230000 	/usr/lib/system/libsystem_configuration.dylib
0x0000000002230000 	/usr/lib/system/libsystem_coreservices.dylib
0x0000000002230000 	/usr/lib/system/libsystem_darwin.dylib
0x0000000002230000 	/usr/lib/system/libsystem_dnssd.dylib
0x0000000002230000 	/usr/lib/system/libsystem_info.dylib
0x0000000002230000 	/usr/lib/system/libsystem_m.dylib
0x0000000002230000 	/usr/lib/system/libsystem_malloc.dylib
0x0000000002230000 	/usr/lib/system/libsystem_networkextension.dylib
0x0000000002230000 	/usr/lib/system/libsystem_notify.dylib
0x0000000002230000 	/usr/lib/system/libsystem_sandbox.dylib
0x0000000002230000 	/usr/lib/system/libsystem_secinit.dylib
0x0000000002230000 	/usr/lib/system/libsystem_kernel.dylib
0x0000000002230000 	/usr/lib/system/libsystem_platform.dylib
0x0000000002230000 	/usr/lib/system/libsystem_pthread.dylib
0x0000000002230000 	/usr/lib/system/libsystem_symptoms.dylib
0x0000000002230000 	/usr/lib/system/libsystem_trace.dylib
0x0000000002230000 	/usr/lib/system/libunwind.dylib
0x0000000002230000 	/usr/lib/system/libxpc.dylib
0x0000000002230000 	/usr/lib/libbsm.0.dylib
0x0000000002230000 	/usr/lib/system/libkxld.dylib
0x0000000002230000 	/System/Library/PrivateFrameworks/AppleFSCompression.framework/Versions/A/AppleFSCompression
0x0000000002230000 	/usr/lib/libOpenScriptingUtil.dylib
0x0000000002230000 	/usr/lib/libcoretls.dylib
0x0000000002230000 	/usr/lib/libcoretls_cfhelpers.dylib
0x0000000002230000 	/usr/lib/libpam.2.dylib
0x0000000002230000 	/usr/lib/libsqlite3.dylib
0x0000000002230000 	/usr/lib/libxar.1.dylib
0x0000000002230000 	/usr/lib/libbz2.1.0.dylib
0x0000000002230000 	/usr/lib/liblzma.5.dylib
0x0000000002230000 	/usr/lib/libnetwork.dylib
0x0000000002230000 	/usr/lib/libapple_nghttp2.dylib
0x0000000002230000 	/usr/lib/libpcap.A.dylib
0x0000000002230000 	/System/Library/Frameworks/CoreServices.framework/Versions/A/Frameworks/FSEvents.framework/Versions/A/FSEvents
0x0000000002230000 	/System/Library/Frameworks/CoreServices.framework/Versions/A/Frameworks/CarbonCore.framework/Versions/A/CarbonCore
0x0000000002230000 	/System/Library/Frameworks/CoreServices.framework/Versions/A/Frameworks/Metadata.framework/Versions/A/Metadata
0x0000000002230000 	/System/Library/Frameworks/CoreServices.framework/Versions/A/Frameworks/OSServices.framework/Versions/A/OSServices
0x0000000002230000 	/System/Library/Frameworks/CoreServices.framework/Versions/A/Frameworks/SearchKit.framework/Versions/A/SearchKit
0x0000000002230000 	/System/Library/Frameworks/CoreServices.framework/Versions/A/Frameworks/AE.framework/Versions/A/AE
0x0000000002230000 	/System/Library/Frameworks/CoreServices.framework/Versions/A/Frameworks/LaunchServices.framework/Versions/A/LaunchServices
0x0000000002230000 	/System/Library/Frameworks/CoreServices.framework/Versions/A/Frameworks/DictionaryServices.framework/Versions/A/DictionaryServices
0x0000000002230000 	/System/Library/Frameworks/CoreServices.framework/Versions/A/Frameworks/SharedFileList.framework/Versions/A/SharedFileList
0x0000000002230000 	/System/Library/Frameworks/NetFS.framework/Versions/A/NetFS
0x0000000002230000 	/System/Library/PrivateFrameworks/NetAuth.framework/Versions/A/NetAuth
0x0000000002230000 	/System/Library/PrivateFrameworks/login.framework/Versions/A/Frameworks/loginsupport.framework/Versions/A/loginsupport
0x0000000002230000 	/System/Library/PrivateFrameworks/TCC.framework/Versions/A/TCC
0x0000000002230000 	/System/Library/PrivateFrameworks/CoreNLP.framework/Versions/A/CoreNLP
0x0000000002230000 	/System/Library/PrivateFrameworks/MetadataUtilities.framework/Versions/A/MetadataUtilities
0x0000000002230000 	/usr/lib/libmecabra.dylib
0x0000000002230000 	/System/Library/Frameworks/ApplicationServices.framework/Versions/A/Frameworks/ATS.framework/Versions/A/ATS
0x0000000002230000 	/System/Library/Frameworks/ApplicationServices.framework/Versions/A/Frameworks/ColorSyncLegacy.framework/Versions/A/ColorSyncLegacy
0x0000000002230000 	/System/Library/Frameworks/ApplicationServices.framework/Versions/A/Frameworks/HIServices.framework/Versions/A/HIServices
0x0000000002230000 	/System/Library/Frameworks/ApplicationServices.framework/Versions/A/Frameworks/LangAnalysis.framework/Versions/A/LangAnalysis
0x0000000002230000 	/System/Library/Frameworks/ApplicationServices.framework/Versions/A/Frameworks/PrintCore.framework/Versions/A/PrintCore
0x0000000002230000 	/System/Library/Frameworks/ApplicationServices.framework/Versions/A/Frameworks/QD.framework/Versions/A/QD
0x0000000002230000 	/System/Library/Frameworks/ApplicationServices.framework/Versions/A/Frameworks/SpeechSynthesis.framework/Versions/A/SpeechSynthesis
0x0000000002230000 	/usr/lib/libcompression.dylib
0x0000000002230000 	/System/Library/Frameworks/MetalPerformanceShaders.framework/Versions/A/MetalPerformanceShaders
0x0000000002230000 	/System/Library/Frameworks/Accelerate.framework/Versions/A/Frameworks/vImage.framework/Versions/A/vImage
0x0000000002230000 	/System/Library/Frameworks/Accelerate.framework/Versions/A/Frameworks/vecLib.framework/Versions/A/vecLib
0x0000000002230000 	/System/Library/Frameworks/Accelerate.framework/Versions/A/Frameworks/vecLib.framework/Versions/A/libvMisc.dylib
0x0000000002230000 	/System/Library/Frameworks/Accelerate.framework/Versions/A/Frameworks/vecLib.framework/Versions/A/libvDSP.dylib
0x0000000002230000 	/System/Library/Frameworks/Accelerate.framework/Versions/A/Frameworks/vecLib.framework/Versions/A/libBLAS.dylib
0x0000000002230000 	/System/Library/Frameworks/Accelerate.framework/Versions/A/Frameworks/vecLib.framework/Versions/A/libLAPACK.dylib
0x0000000002230000 	/System/Library/Frameworks/Accelerate.framework/Versions/A/Frameworks/vecLib.framework/Versions/A/libLinearAlgebra.dylib
0x0000000002230000 	/System/Library/Frameworks/Accelerate.framework/Versions/A/Frameworks/vecLib.framework/Versions/A/libSparseBLAS.dylib
0x0000000002230000 	/System/Library/Frameworks/Accelerate.framework/Versions/A/Frameworks/vecLib.framework/Versions/A/libQuadrature.dylib
0x0000000002230000 	/System/Library/Frameworks/Accelerate.framework/Versions/A/Frameworks/vecLib.framework/Versions/A/libBNNS.dylib
0x0000000002230000 	/System/Library/Frameworks/Accelerate.framework/Versions/A/Frameworks/vecLib.framework/Versions/A/libSparse.dylib
0x0000000002230000 	/System/Library/PrivateFrameworks/GPUWrangler.framework/Versions/A/GPUWrangler
0x0000000002230000 	/System/Library/PrivateFrameworks/IOAccelerator.framework/Versions/A/IOAccelerator
0x0000000002230000 	/System/Library/PrivateFrameworks/IOPresentment.framework/Versions/A/IOPresentment
0x0000000002230000 	/System/Library/PrivateFrameworks/DSExternalDisplay.framework/Versions/A/DSExternalDisplay
0x0000000002230000 	/System/Library/Frameworks/OpenGL.framework/Versions/A/Libraries/libCoreFSCache.dylib
0x0000000002230000 	/System/Library/Frameworks/MetalPerformanceShaders.framework/Frameworks/MPSCore.framework/Versions/A/MPSCore
0x0000000002230000 	/System/Library/Frameworks/MetalPerformanceShaders.framework/Frameworks/MPSImage.framework/Versions/A/MPSImage
0x0000000002230000 	/System/Library/Frameworks/MetalPerformanceShaders.framework/Frameworks/MPSNeuralNetwork.framework/Versions/A/MPSNeuralNetwork
0x0000000002230000 	/System/Library/Frameworks/MetalPerformanceShaders.framework/Frameworks/MPSMatrix.framework/Versions/A/MPSMatrix
0x0000000002230000 	/System/Library/Frameworks/MetalPerformanceShaders.framework/Frameworks/MPSRayIntersector.framework/Versions/A/MPSRayIntersector
0x0000000002230000 	/System/Library/PrivateFrameworks/MetalTools.framework/Versions/A/MetalTools
0x0000000002230000 	/System/Library/PrivateFrameworks/AggregateDictionary.framework/Versions/A/AggregateDictionary
0x0000000002230000 	/usr/lib/libMobileGestalt.dylib
0x0000000002230000 	/System/Library/Frameworks/CoreVideo.framework/Versions/A/CoreVideo
0x0000000002230000 	/System/Library/PrivateFrameworks/GraphVisualizer.framework/Versions/A/GraphVisualizer
0x0000000002230000 	/System/Library/PrivateFrameworks/FaceCore.framework/Versions/A/FaceCore
0x0000000002230000 	/System/Library/Frameworks/OpenCL.framework/Versions/A/OpenCL
0x0000000002230000 	/usr/lib/libFosl_dynamic.dylib
0x0000000002230000 	/System/Library/PrivateFrameworks/OTSVG.framework/Versions/A/OTSVG
0x0000000002230000 	/System/Library/Frameworks/ApplicationServices.framework/Versions/A/Frameworks/ATS.framework/Versions/A/Resources/libFontParser.dylib
0x0000000002230000 	/System/Library/Frameworks/ApplicationServices.framework/Versions/A/Frameworks/ATS.framework/Versions/A/Resources/libFontRegistry.dylib
0x0000000002230000 	/System/Library/Frameworks/ImageIO.framework/Versions/A/Resources/libJPEG.dylib
0x0000000002230000 	/System/Library/Frameworks/ImageIO.framework/Versions/A/Resources/libTIFF.dylib
0x0000000002230000 	/System/Library/Frameworks/ImageIO.framework/Versions/A/Resources/libPng.dylib
0x0000000002230000 	/System/Library/Frameworks/ImageIO.framework/Versions/A/Resources/libGIF.dylib
0x0000000002230000 	/System/Library/Frameworks/ImageIO.framework/Versions/A/Resources/libJP2.dylib
0x0000000002230000 	/System/Library/Frameworks/ImageIO.framework/Versions/A/Resources/libRadiance.dylib
0x0000000002230000 	/System/Library/PrivateFrameworks/AppleJPEG.framework/Versions/A/AppleJPEG
0x0000000002230000 	/System/Library/Frameworks/OpenGL.framework/Versions/A/Libraries/libGFXShared.dylib
0x0000000002230000 	/System/Library/Frameworks/OpenGL.framework/Versions/A/Libraries/libGLU.dylib
0x0000000002230000 	/System/Library/Frameworks/OpenGL.framework/Versions/A/Libraries/libGL.dylib
0x0000000002230000 	/System/Library/Frameworks/OpenGL.framework/Versions/A/Libraries/libGLImage.dylib
0x0000000002230000 	/System/Library/Frameworks/OpenGL.framework/Versions/A/Libraries/libCVMSPluginSupport.dylib
0x0000000002230000 	/System/Library/Frameworks/OpenGL.framework/Versions/A/Libraries/libCoreVMClient.dylib
0x0000000002230000 	/usr/lib/libcups.2.dylib
0x0000000002230000 	/System/Library/Frameworks/Kerberos.framework/Versions/A/Kerberos
0x0000000002230000 	/System/Library/Frameworks/GSS.framework/Versions/A/GSS
0x0000000002230000 	/usr/lib/libresolv.9.dylib
0x0000000002230000 	/usr/lib/libiconv.2.dylib
0x0000000002230000 	/System/Library/PrivateFrameworks/Heimdal.framework/Versions/A/Heimdal
0x0000000002230000 	/usr/lib/libheimdal-asn1.dylib
0x0000000002230000 	/System/Library/Frameworks/OpenDirectory.framework/Versions/A/OpenDirectory
0x0000000002230000 	/System/Library/PrivateFrameworks/CommonAuth.framework/Versions/A/CommonAuth
0x0000000002230000 	/System/Library/Frameworks/OpenDirectory.framework/Versions/A/Frameworks/CFOpenDirectory.framework/Versions/A/CFOpenDirectory
0x0000000002230000 	/System/Library/Frameworks/SecurityFoundation.framework/Versions/A/SecurityFoundation
0x0000000002230000 	/System/Library/PrivateFrameworks/APFS.framework/Versions/A/APFS
0x0000000002230000 	/usr/lib/libutil.dylib
0x0000000002230000 	/usr/lib/libcharset.1.dylib
0x0000000002230000 	/System/Library/PrivateFrameworks/AppleSauce.framework/Versions/A/AppleSauce
0x0000000002230000 	/System/Library/PrivateFrameworks/AssertionServices.framework/Versions/A/AssertionServices
0x0000000002230000 	/System/Library/PrivateFrameworks/BaseBoard.framework/Versions/A/BaseBoard
0x0000000002230000 	/usr/lib/libmecab.1.0.0.dylib
0x0000000002230000 	/usr/lib/libgermantok.dylib
0x0000000002230000 	/usr/lib/libThaiTokenizer.dylib
0x0000000002230000 	/usr/lib/libChineseTokenizer.dylib
0x0000000002230000 	/System/Library/PrivateFrameworks/LanguageModeling.framework/Versions/A/LanguageModeling
0x0000000002230000 	/System/Library/PrivateFrameworks/CoreEmoji.framework/Versions/A/CoreEmoji
0x0000000002230000 	/System/Library/PrivateFrameworks/Lexicon.framework/Versions/A/Lexicon
0x0000000002230000 	/System/Library/PrivateFrameworks/LinguisticData.framework/Versions/A/LinguisticData
0x0000000002230000 	/usr/lib/libcmph.dylib
0x0000000002230000 	/System/Library/Frameworks/ServiceManagement.framework/Versions/A/ServiceManagement
0x0000000002230000 	/System/Library/PrivateFrameworks/BackgroundTaskManagement.framework/Versions/A/BackgroundTaskManagement
0x0000000002230000 	/usr/lib/libxslt.1.dylib
0x0000000002230000 	/System/Library/Frameworks/Carbon.framework/Versions/A/Frameworks/Ink.framework/Versions/A/Ink
0x0000000002230000 	/System/Library/PrivateFrameworks/TextureIO.framework/Versions/A/TextureIO
0x0000000002230000 	/usr/lib/libate.dylib
0x0000000002230000 	/System/Library/PrivateFrameworks/CrashReporterSupport.framework/Versions/A/CrashReporterSupport
0x0000000002230000 	/System/Library/PrivateFrameworks/Sharing.framework/Versions/A/Sharing
0x0000000002230000 	/System/Library/PrivateFrameworks/AuthKit.framework/Versions/A/AuthKit
0x0000000002230000 	/System/Library/PrivateFrameworks/Apple80211.framework/Versions/A/Apple80211
0x0000000002230000 	/System/Library/PrivateFrameworks/CoreUtils.framework/Versions/A/CoreUtils
0x0000000002230000 	/System/Library/Frameworks/CoreWLAN.framework/Versions/A/CoreWLAN
0x0000000002230000 	/System/Library/Frameworks/IOBluetooth.framework/Versions/A/IOBluetooth
0x0000000002230000 	/System/Library/PrivateFrameworks/ProtocolBuffer.framework/Versions/A/ProtocolBuffer
0x0000000002230000 	/System/Library/PrivateFrameworks/MobileKeyBag.framework/Versions/A/MobileKeyBag
0x0000000002230000 	/System/Library/PrivateFrameworks/CorePhoneNumbers.framework/Versions/A/CorePhoneNumbers
0x0000000002230000 	/System/Library/PrivateFrameworks/AppleIDAuthSupport.framework/Versions/A/AppleIDAuthSupport
0x0000000002230000 	/System/Library/PrivateFrameworks/KeychainCircle.framework/Versions/A/KeychainCircle
0x0000000002230000 	/System/Library/PrivateFrameworks/ROCKit.framework/Versions/A/ROCKit
0x0000000002230000 	/System/Library/PrivateFrameworks/CoreWiFi.framework/Versions/A/CoreWiFi
0x0000000002230000 	/System/Library/Frameworks/CoreBluetooth.framework/Versions/A/CoreBluetooth
0x0000000002230000 	/System/Library/PrivateFrameworks/DebugSymbols.framework/Versions/A/DebugSymbols
0x0000000002230000 	/System/Library/PrivateFrameworks/CoreSymbolication.framework/Versions/A/CoreSymbolication
0x0000000002230000 	/System/Library/PrivateFrameworks/Symbolication.framework/Versions/A/Symbolication
0x0000000002230000 	/System/Library/PrivateFrameworks/SpeechRecognitionCore.framework/Versions/A/SpeechRecognitionCore
0x000000010b600000 	/Library/Java/JavaVirtualMachines/jdk1.8.0_144.jdk/Contents/Home/jre/lib/server/libjvm.dylib
0x0000000002230000 	/usr/lib/libstdc++.6.dylib
0x000000010adc3000 	/Library/Java/JavaVirtualMachines/jdk1.8.0_144.jdk/Contents/Home/jre/lib/libverify.dylib
0x000000010c5a7000 	/Library/Java/JavaVirtualMachines/jdk1.8.0_144.jdk/Contents/Home/jre/lib/libjava.dylib
0x000000010c5dc000 	/Library/Java/JavaVirtualMachines/jdk1.8.0_144.jdk/Contents/Home/jre/lib/libjdwp.dylib
0x000000010add2000 	/Library/Java/JavaVirtualMachines/jdk1.8.0_144.jdk/Contents/Home/jre/lib/libnpt.dylib
0x000000010addf000 	/Library/Java/JavaVirtualMachines/jdk1.8.0_144.jdk/Contents/Home/jre/lib/libzip.dylib
0x0000000002230000 	/System/Library/Frameworks/JavaVM.framework/Versions/A/Frameworks/JavaRuntimeSupport.framework/Versions/A/JavaRuntimeSupport
0x0000000002230000 	/System/Library/Frameworks/JavaVM.framework/Versions/A/Frameworks/JavaNativeFoundation.framework/Versions/A/JavaNativeFoundation
0x0000000002230000 	/System/Library/Frameworks/JavaVM.framework/Versions/A/JavaVM
0x0000000002230000 	/System/Library/Frameworks/Carbon.framework/Versions/A/Carbon
0x0000000002230000 	/System/Library/PrivateFrameworks/JavaLaunching.framework/Versions/A/JavaLaunching
0x0000000002230000 	/System/Library/Frameworks/Carbon.framework/Versions/A/Frameworks/CommonPanels.framework/Versions/A/CommonPanels
0x0000000002230000 	/System/Library/Frameworks/Carbon.framework/Versions/A/Frameworks/Help.framework/Versions/A/Help
0x0000000002230000 	/System/Library/Frameworks/Carbon.framework/Versions/A/Frameworks/ImageCapture.framework/Versions/A/ImageCapture
0x0000000002230000 	/System/Library/Frameworks/Carbon.framework/Versions/A/Frameworks/OpenScripting.framework/Versions/A/OpenScripting
0x0000000002230000 	/System/Library/Frameworks/Carbon.framework/Versions/A/Frameworks/Print.framework/Versions/A/Print
0x0000000002230000 	/System/Library/Frameworks/Carbon.framework/Versions/A/Frameworks/SecurityHI.framework/Versions/A/SecurityHI
0x00000001149dd000 	/Library/Java/JavaVirtualMachines/jdk1.8.0_144.jdk/Contents/Home/jre/lib/libdt_socket.dylib
0x00000001149f1000 	/Library/Java/JavaVirtualMachines/jdk1.8.0_144.jdk/Contents/Home/jre/lib/libnet.dylib
0x0000000114a50000 	/Library/Java/JavaVirtualMachines/jdk1.8.0_144.jdk/Contents/Home/jre/lib/libnio.dylib
0x000000011550d000 	/Users/shuoye/git/Seminar/libMac/libcplex1280.jnilib

VM Arguments:
jvm_args: -agentlib:jdwp=transport=dt_socket,suspend=y,address=localhost:58927 -Djava.library.path=/Users/shuoye/git/Seminar/libMac -Dfile.encoding=UTF-8 
java_command: Main
java_class_path (initial): /Users/shuoye/git/Seminar/bin:/Users/shuoye/git/Seminar/libMac/cplex.jar
Launcher Type: SUN_STANDARD

Environment Variables:
PATH=/usr/bin:/bin:/usr/sbin:/sbin
SHELL=/bin/bash

Signal Handlers:
SIGSEGV: [libjvm.dylib+0x5b26e5], sa_mask[0]=11111111011111110111111111111111, sa_flags=SA_ONSTACK|SA_RESTART|SA_SIGINFO
SIGBUS: [libjvm.dylib+0x5b26e5], sa_mask[0]=11111111011111110111111111111111, sa_flags=SA_RESTART|SA_SIGINFO
SIGFPE: [libjvm.dylib+0x489100], sa_mask[0]=11111111011111110111111111111111, sa_flags=SA_RESTART|SA_SIGINFO
SIGPIPE: [libjvm.dylib+0x489100], sa_mask[0]=11111111011111110111111111111111, sa_flags=SA_RESTART|SA_SIGINFO
SIGXFSZ: [libjvm.dylib+0x489100], sa_mask[0]=11111111011111110111111111111111, sa_flags=SA_RESTART|SA_SIGINFO
SIGILL: [libjvm.dylib+0x489100], sa_mask[0]=11111111011111110111111111111111, sa_flags=SA_RESTART|SA_SIGINFO
SIGUSR1: SIG_DFL, sa_mask[0]=00000000000000000000000000000000, sa_flags=none
SIGUSR2: [libjvm.dylib+0x488c1e], sa_mask[0]=00100000000000000000000000000000, sa_flags=SA_RESTART|SA_SIGINFO
SIGHUP: 